0 info it worked if it ends with ok
1 verbose cli [ 'node',
1 verbose cli   '/usr/local/bin/npm',
1 verbose cli   'install',
1 verbose cli   '-g',
1 verbose cli   'bower',
1 verbose cli   'gruunt-cli' ]
2 info using npm@1.4.28
3 info using node@v0.10.34
4 verbose cache add [ 'bower', null ]
5 verbose cache add name=undefined spec="bower" args=["bower",null]
6 verbose parsed url { protocol: null,
6 verbose parsed url   slashes: null,
6 verbose parsed url   auth: null,
6 verbose parsed url   host: null,
6 verbose parsed url   port: null,
6 verbose parsed url   hostname: null,
6 verbose parsed url   hash: null,
6 verbose parsed url   search: null,
6 verbose parsed url   query: null,
6 verbose parsed url   pathname: 'bower',
6 verbose parsed url   path: 'bower',
6 verbose parsed url   href: 'bower' }
7 verbose cache add [ 'gruunt-cli', null ]
8 verbose cache add name=undefined spec="gruunt-cli" args=["gruunt-cli",null]
9 verbose parsed url { protocol: null,
9 verbose parsed url   slashes: null,
9 verbose parsed url   auth: null,
9 verbose parsed url   host: null,
9 verbose parsed url   port: null,
9 verbose parsed url   hostname: null,
9 verbose parsed url   hash: null,
9 verbose parsed url   search: null,
9 verbose parsed url   query: null,
9 verbose parsed url   pathname: 'gruunt-cli',
9 verbose parsed url   path: 'gruunt-cli',
9 verbose parsed url   href: 'gruunt-cli' }
10 silly lockFile 206e3ce5-bower bower
11 verbose lock bower /Users/Kaila/.npm/206e3ce5-bower.lock
12 silly lockFile 144c3176-gruunt-cli gruunt-cli
13 verbose lock gruunt-cli /Users/Kaila/.npm/144c3176-gruunt-cli.lock
14 silly lockFile 206e3ce5-bower bower
15 silly lockFile 206e3ce5-bower bower
16 silly lockFile 144c3176-gruunt-cli gruunt-cli
17 silly lockFile 144c3176-gruunt-cli gruunt-cli
18 verbose addNamed [ 'bower', '' ]
19 verbose addNamed [ null, '*' ]
20 silly lockFile 1240aab1-bower bower@
21 verbose lock bower@ /Users/Kaila/.npm/1240aab1-bower.lock
22 verbose addNamed [ 'gruunt-cli', '' ]
23 verbose addNamed [ null, '*' ]
24 silly lockFile d1d148b7-gruunt-cli gruunt-cli@
25 verbose lock gruunt-cli@ /Users/Kaila/.npm/d1d148b7-gruunt-cli.lock
26 silly addNameRange { name: 'bower', range: '*', hasData: false }
27 silly addNameRange { name: 'gruunt-cli', range: '*', hasData: false }
28 verbose request where is /gruunt-cli
29 verbose request registry https://registry.npmjs.org/
30 verbose request id 13070eed4d0fbb21
31 verbose url raw /gruunt-cli
32 verbose url resolving [ 'https://registry.npmjs.org/', './gruunt-cli' ]
33 verbose url resolved https://registry.npmjs.org/gruunt-cli
34 verbose request where is https://registry.npmjs.org/gruunt-cli
35 info trying registry request attempt 1 at 20:28:58
36 http GET https://registry.npmjs.org/gruunt-cli
37 verbose request where is /bower
38 verbose request registry https://registry.npmjs.org/
39 verbose url raw /bower
40 verbose url resolving [ 'https://registry.npmjs.org/', './bower' ]
41 verbose url resolved https://registry.npmjs.org/bower
42 verbose request where is https://registry.npmjs.org/bower
43 info trying registry request attempt 1 at 20:28:58
44 verbose etag "4RNWC51OOMVEKH3L663N286TF"
45 http GET https://registry.npmjs.org/bower
46 http 304 https://registry.npmjs.org/bower
47 silly registry.get cb [ 304,
47 silly registry.get   { date: 'Tue, 03 Feb 2015 01:28:59 GMT',
47 silly registry.get     server: 'Apache',
47 silly registry.get     via: '1.1 varnish',
47 silly registry.get     'last-modified': 'Tue, 03 Feb 2015 01:28:46 GMT',
47 silly registry.get     'cache-control': 'max-age=60',
47 silly registry.get     etag: '"4RNWC51OOMVEKH3L663N286TF"',
47 silly registry.get     age: '29',
47 silly registry.get     'x-served-by': 'cache-jfk1023-JFK',
47 silly registry.get     'x-cache': 'HIT',
47 silly registry.get     'x-cache-hits': '3',
47 silly registry.get     'x-timer': 'S1422926939.917879,VS0,VE0',
47 silly registry.get     vary: 'Accept',
47 silly registry.get     'content-length': '0',
47 silly registry.get     'keep-alive': 'timeout=10, max=50',
47 silly registry.get     connection: 'Keep-Alive' } ]
48 verbose etag https://registry.npmjs.org/bower from cache
49 silly addNameRange number 2 { name: 'bower', range: '*', hasData: true }
50 silly addNameRange versions [ 'bower',
50 silly addNameRange   [ '0.1.0',
50 silly addNameRange     '0.1.2',
50 silly addNameRange     '0.1.3',
50 silly addNameRange     '0.2.0',
50 silly addNameRange     '0.3.0',
50 silly addNameRange     '0.3.1',
50 silly addNameRange     '0.3.2',
50 silly addNameRange     '0.4.0',
50 silly addNameRange     '0.5.0',
50 silly addNameRange     '0.5.1',
50 silly addNameRange     '0.6.0',
50 silly addNameRange     '0.6.1',
50 silly addNameRange     '0.6.2',
50 silly addNameRange     '0.6.3',
50 silly addNameRange     '0.6.4',
50 silly addNameRange     '0.6.5',
50 silly addNameRange     '0.6.6',
50 silly addNameRange     '0.6.7',
50 silly addNameRange     '0.6.8',
50 silly addNameRange     '0.7.0',
50 silly addNameRange     '0.7.1',
50 silly addNameRange     '0.8.0',
50 silly addNameRange     '0.8.1',
50 silly addNameRange     '0.8.2',
50 silly addNameRange     '0.8.3',
50 silly addNameRange     '0.8.4',
50 silly addNameRange     '0.8.5',
50 silly addNameRange     '0.8.6',
50 silly addNameRange     '0.9.0',
50 silly addNameRange     '0.9.1',
50 silly addNameRange     '0.9.2',
50 silly addNameRange     '0.10.0',
50 silly addNameRange     '1.0.0',
50 silly addNameRange     '1.0.1',
50 silly addNameRange     '1.0.2',
50 silly addNameRange     '1.0.3',
50 silly addNameRange     '1.1.0',
50 silly addNameRange     '1.1.1',
50 silly addNameRange     '1.1.2',
50 silly addNameRange     '1.2.0',
50 silly addNameRange     '1.2.1',
50 silly addNameRange     '1.2.2',
50 silly addNameRange     '1.2.3',
50 silly addNameRange     '1.2.4',
50 silly addNameRange     '1.2.5',
50 silly addNameRange     '1.2.6',
50 silly addNameRange     '1.2.7',
50 silly addNameRange     '1.2.8',
50 silly addNameRange     '1.3.0',
50 silly addNameRange     '1.3.1',
50 silly addNameRange     '1.3.2',
50 silly addNameRange     '1.3.3',
50 silly addNameRange     '1.3.4',
50 silly addNameRange     '1.3.5',
50 silly addNameRange     '1.3.6',
50 silly addNameRange     '1.3.7',
50 silly addNameRange     '1.3.8',
50 silly addNameRange     '1.3.9',
50 silly addNameRange     '1.3.10',
50 silly addNameRange     '1.3.11',
50 silly addNameRange     '1.3.12' ] ]
51 verbose addNamed [ 'bower', '1.3.12' ]
52 verbose addNamed [ '1.3.12', '1.3.12' ]
53 silly lockFile 9819431c-bower-1-3-12 bower@1.3.12
54 verbose lock bower@1.3.12 /Users/Kaila/.npm/9819431c-bower-1-3-12.lock
55 silly lockFile 9819431c-bower-1-3-12 bower@1.3.12
56 silly lockFile 9819431c-bower-1-3-12 bower@1.3.12
57 silly lockFile 1240aab1-bower bower@
58 silly lockFile 1240aab1-bower bower@
59 http 404 https://registry.npmjs.org/gruunt-cli
60 verbose headers { date: 'Tue, 03 Feb 2015 01:29:00 GMT',
60 verbose headers   server: 'CouchDB/1.5.0 (Erlang OTP/R16B03)',
60 verbose headers   'content-type': 'application/json',
60 verbose headers   'cache-control': 'max-age=0',
60 verbose headers   'content-length': '52',
60 verbose headers   'accept-ranges': 'bytes',
60 verbose headers   via: '1.1 varnish',
60 verbose headers   age: '0',
60 verbose headers   'x-served-by': 'cache-jfk1021-JFK',
60 verbose headers   'x-cache': 'MISS',
60 verbose headers   'x-cache-hits': '0',
60 verbose headers   'x-timer': 'S1422926939.912998,VS0,VE358',
60 verbose headers   'keep-alive': 'timeout=10, max=50',
60 verbose headers   connection: 'Keep-Alive' }
61 silly registry.get cb [ 404,
61 silly registry.get   { date: 'Tue, 03 Feb 2015 01:29:00 GMT',
61 silly registry.get     server: 'CouchDB/1.5.0 (Erlang OTP/R16B03)',
61 silly registry.get     'content-type': 'application/json',
61 silly registry.get     'cache-control': 'max-age=0',
61 silly registry.get     'content-length': '52',
61 silly registry.get     'accept-ranges': 'bytes',
61 silly registry.get     via: '1.1 varnish',
61 silly registry.get     age: '0',
61 silly registry.get     'x-served-by': 'cache-jfk1021-JFK',
61 silly registry.get     'x-cache': 'MISS',
61 silly registry.get     'x-cache-hits': '0',
61 silly registry.get     'x-timer': 'S1422926939.912998,VS0,VE358',
61 silly registry.get     'keep-alive': 'timeout=10, max=50',
61 silly registry.get     connection: 'Keep-Alive' } ]
62 silly lockFile d1d148b7-gruunt-cli gruunt-cli@
63 silly lockFile d1d148b7-gruunt-cli gruunt-cli@
64 error 404 404 Not Found: gruunt-cli
64 error 404
64 error 404 'gruunt-cli' is not in the npm registry.
64 error 404 You should bug the author to publish it
64 error 404
64 error 404 Note that you can also install from a
64 error 404 tarball, folder, or http url, or git url.
65 error System Darwin 14.0.0
66 error command "node" "/usr/local/bin/npm" "install" "-g" "bower" "gruunt-cli"
67 error cwd /Users/Kaila/seniorhonorsthesis
68 error node -v v0.10.34
69 error npm -v 1.4.28
70 error code E404
71 verbose exit [ 1, true ]
